<?xml version="1.0" encoding="UTF-8"?>
<testsuite xmlns:xsi="http://www.w3.org/2001/XMLSchema-instance" xsi:noNamespaceSchemaLocation="https://maven.apache.org/surefire/maven-surefire-plugin/xsd/surefire-test-report-3.0.xsd" version="3.0" name="com.backend.ecommerce.EcommerceApplicationTests" time="12.317" tests="1" errors="0" skipped="0" failures="0">
  <properties>
[...]
</properties>
  <testcase name="contextLoads" classname="com.backend.ecommerce.EcommerceApplicationTests" time="0.955">
    <system-out><![CDATA[20:48:45.249 [main] INFO org.springframework.test.context.support.AnnotationConfigContextLoaderUtils -- Could not detect default configuration classes for test class [com.backend.ecommerce.EcommerceApplicationTests]: EcommerceApplicationTests does not declare any static, non-private, non-final, nested classes annotated with @Configuration.
20:48:45.452 [main] INFO org.springframework.boot.test.context.SpringBootTestContextBootstrapper -- Found @SpringBootConfiguration com.backend.ecommerce.EcommerceApplication for test class com.backend.ecommerce.EcommerceApplicationTests

  .   ____          _            __ _ _
 /\\ / ___'_ __ _ _(_)_ __  __ _ \ \ \ \
( ( )\___ | '_ | '_| | '_ \/ _` | \ \ \ \
 \\/  ___)| |_)| | | | | || (_| |  ) ) ) )
  '  |____| .__|_| |_|_| |_\__, | / / / /
 =========|_|==============|___/=/_/_/_/
 :: Spring Boot ::                (v3.1.2)

2023-10-08T20:48:46.186+02:00  INFO 10792 --- [           main] c.b.ecommerce.EcommerceApplicationTests  : Starting EcommerceApplicationTests using Java 20.0.1 with PID 10792 (started by Mohammad Elhaw in D:\Coding\E-Commerce Backend Project\e-commerce)
2023-10-08T20:48:46.188+02:00  INFO 10792 --- [           main] c.b.ecommerce.EcommerceApplicationTests  : No active profile set, falling back to 1 default profile: "default"
2023-10-08T20:48:47.621+02:00  INFO 10792 --- [           main] .s.d.r.c.RepositoryConfigurationDelegate : Bootstrapping Spring Data JPA repositories in DEFAULT mode.
2023-10-08T20:48:47.773+02:00  INFO 10792 --- [           main] .s.d.r.c.RepositoryConfigurationDelegate : Finished Spring Data repository scanning in 133 ms. Found 9 JPA repository interfaces.
2023-10-08T20:48:48.780+02:00  INFO 10792 --- [           main] o.hibernate.jpa.internal.util.LogHelper  : HHH000204: Processing PersistenceUnitInfo [name: default]
2023-10-08T20:48:48.931+02:00  INFO 10792 --- [           main] org.hibernate.Version                    : HHH000412: Hibernate ORM core version 6.2.6.Final
2023-10-08T20:48:48.935+02:00  INFO 10792 --- [           main] org.hibernate.cfg.Environment            : HHH000406: Using bytecode reflection optimizer
2023-10-08T20:48:49.259+02:00  INFO 10792 --- [           main] o.h.b.i.BytecodeProviderInitiator        : HHH000021: Bytecode provider name : bytebuddy
2023-10-08T20:48:49.536+02:00  INFO 10792 --- [           main] o.s.o.j.p.SpringPersistenceUnitInfo      : No LoadTimeWeaver setup: ignoring JPA class transformer
2023-10-08T20:48:49.559+02:00  INFO 10792 --- [           main] com.zaxxer.hikari.HikariDataSource       : HikariPool-1 - Starting...
2023-10-08T20:48:50.091+02:00  INFO 10792 --- [           main] com.zaxxer.hikari.pool.HikariPool        : HikariPool-1 - Added connection org.postgresql.jdbc.PgConnection@4ce267cc
2023-10-08T20:48:50.094+02:00  INFO 10792 --- [           main] com.zaxxer.hikari.HikariDataSource       : HikariPool-1 - Start completed.
2023-10-08T20:48:50.714+02:00  INFO 10792 --- [           main] o.h.b.i.BytecodeProviderInitiator        : HHH000021: Bytecode provider name : bytebuddy
2023-10-08T20:48:52.614+02:00  INFO 10792 --- [           main] o.h.e.t.j.p.i.JtaPlatformInitiator       : HHH000490: Using JtaPlatform implementation: [org.hibernate.engine.transaction.jta.platform.internal.NoJtaPlatform]
Hibernate: alter table if exists access_token alter column expiry_date set data type timestamp(6) with time zone
Hibernate: alter table if exists local_users alter column created_at set data type timestamp(6)
Hibernate: alter table if exists products alter column created_at set data type timestamp(6)
Hibernate: alter table if exists products alter column discount_percent set data type float(53)
Hibernate: alter table if exists products alter column discount_price set data type float(53)
Hibernate: alter table if exists products alter column price set data type float(53)
Hibernate: alter table if exists rating alter column created_at set data type timestamp(6)
Hibernate: alter table if exists rating alter column rating set data type float(53)
Hibernate: alter table if exists refresh_token alter column expiry_date set data type timestamp(6) with time zone
Hibernate: alter table if exists review alter column created_at set data type timestamp(6)
2023-10-08T20:48:53.181+02:00  INFO 10792 --- [           main] j.LocalContainerEntityManagerFactoryBean : Initialized JPA EntityManagerFactory for persistence unit 'default'
2023-10-08T20:48:54.581+02:00  WARN 10792 --- [           main] JpaBaseConfiguration$JpaWebConfiguration : spring.jpa.open-in-view is enabled by default. Therefore, database queries may be performed during view rendering. Explicitly configure spring.jpa.open-in-view to disable this warning
2023-10-08T20:48:54.874+02:00  INFO 10792 --- [           main] o.s.s.web.DefaultSecurityFilterChain     : Will secure any request with [org.springframework.security.web.session.DisableEncodeUrlFilter@17d83fe4, org.springframework.security.web.context.request.async.WebAsyncManagerIntegrationFilter@7d76d72a, org.springframework.security.web.context.SecurityContextHolderFilter@3338d29d, org.springframework.security.web.header.HeaderWriterFilter@9e4388d, org.springframework.security.web.authentication.logout.LogoutFilter@72ad577b, com.backend.ecommerce.api.config.JWTAuthenticationFilter@620f7a39, org.springframework.security.web.authentication.UsernamePasswordAuthenticationFilter@501b15b9, org.springframework.security.web.authentication.ui.DefaultLoginPageGeneratingFilter@6b8cdc4, org.springframework.security.web.authentication.ui.DefaultLogoutPageGeneratingFilter@6fd07a56, org.springframework.security.web.authentication.www.BasicAuthenticationFilter@6d70e68b, org.springframework.security.web.savedrequest.RequestCacheAwareFilter@3792fed8, org.springframework.security.web.servletapi.SecurityContextHolderAwareRequestFilter@4e312811, org.springframework.security.web.authentication.AnonymousAuthenticationFilter@1315befe, org.springframework.security.web.session.SessionManagementFilter@21399e53, org.springframework.security.web.access.ExceptionTranslationFilter@42d96745, org.springframework.security.web.access.intercept.AuthorizationFilter@1f4b8027]
Hibernate: select p1_0.privilege_id,p1_0.privilege_name from privileges p1_0 where p1_0.privilege_name=?
Hibernate: select p1_0.privilege_id,p1_0.privilege_name from privileges p1_0 where p1_0.privilege_name=?
Hibernate: select p1_0.privilege_id,p1_0.privilege_name from privileges p1_0 where p1_0.privilege_name=?
Hibernate: select p1_0.privilege_id,p1_0.privilege_name from privileges p1_0 where p1_0.privilege_name=?
Hibernate: select r1_0.role_id,r1_0.role_name from roles r1_0 where r1_0.role_name=?
Hibernate: select p1_0.role_id,p1_1.privilege_id,p1_1.privilege_name from role_privileges p1_0 join privileges p1_1 on p1_1.privilege_id=p1_0.privilege_id where p1_0.role_id=?
Hibernate: select r1_0.role_id,r1_0.role_name from roles r1_0 where r1_0.role_name=?
Hibernate: select p1_0.role_id,p1_1.privilege_id,p1_1.privilege_name from role_privileges p1_0 join privileges p1_1 on p1_1.privilege_id=p1_0.privilege_id where p1_0.role_id=?
Hibernate: select l1_0.user_id,l1_0.created_at,l1_0.email,l1_0.first_name,l1_0.is_enabled,l1_0.last_name,l1_0.password,l1_0.phone_number from local_users l1_0 where upper(l1_0.email)=upper(?)
Hibernate: select r1_0.user_id,r1_1.role_id,r1_1.role_name from user_roles r1_0 join roles r1_1 on r1_1.role_id=r1_0.role_id where r1_0.user_id=?
2023-10-08T20:48:56.298+02:00  INFO 10792 --- [           main] c.b.ecommerce.EcommerceApplicationTests  : Started EcommerceApplicationTests in 10.642 seconds (process running for 12.312)
]]></system-out>
  </testcase>
</testsuite>